<?xml version="1.0" encoding="UTF-8"?>
<testng-results ignored="0" total="0" passed="0" failed="0" skipped="0">
  <reporter-output>
  </reporter-output>
  <suite started-at="2024-01-03T19:26:25 IST" name="All TestCases" finished-at="2024-01-03T19:26:34 IST" duration-ms="8908">
    <groups>
      <group name="cucumber">
        <method signature="GemJarCucumberBase.runScenario(io.cucumber.testng.PickleWrapper,io.cucumber.testng.FeatureWrapper)[pri:0, instance:com.gemini.generic.bdd.GemJarCucumberBase@606e4010]" name="runScenario" class="com.gemini.generic.bdd.GemJarCucumberBase"/>
      </group> <!-- cucumber -->
    </groups>
    <test started-at="2024-01-03T19:26:25 IST" name="sample" finished-at="2024-01-03T19:26:34 IST" duration-ms="8908">
      <class name="com.gemini.generic.bdd.GemJarCucumberBase">
        <test-method is-config="true" signature="beforeSuite(org.testng.ITestContext)[pri:0, instance:com.gemini.generic.bdd.GemJarCucumberBase@606e4010]" started-at="2024-01-03T19:26:23 IST" name="beforeSuite" finished-at="2024-01-03T19:26:25 IST" duration-ms="2745" status="PASS">
          <params>
            <param index="0">
              <value>
                <![CDATA[org.testng.TestRunner@3cd9aa64]]>
              </value>
            </param>
          </params>
          <reporter-output>
          </reporter-output>
        </test-method> <!-- beforeSuite -->
        <test-method is-config="true" signature="setUpClass(org.testng.ITestContext)[pri:0, instance:com.gemini.generic.bdd.GemJarCucumberBase@606e4010]" started-at="2024-01-03T19:26:25 IST" name="setUpClass" finished-at="2024-01-03T19:26:30 IST" duration-ms="5182" status="PASS">
          <params>
            <param index="0">
              <value>
                <![CDATA[org.testng.TestRunner@3cd9aa64]]>
              </value>
            </param>
          </params>
          <reporter-output>
          </reporter-output>
        </test-method> <!-- setUpClass -->
        <test-method is-config="true" signature="updateNumberOftestcases()[pri:0, instance:com.gemini.generic.bdd.GemJarCucumberBase@606e4010]" started-at="2024-01-03T19:26:30 IST" name="updateNumberOftestcases" finished-at="2024-01-03T19:26:33 IST" duration-ms="2384" status="PASS">
          <reporter-output>
          </reporter-output>
        </test-method> <!-- updateNumberOftestcases -->
        <test-method is-config="true" signature="tearDownClass()[pri:0, instance:com.gemini.generic.bdd.GemJarCucumberBase@606e4010]" started-at="2024-01-03T19:26:33 IST" name="tearDownClass" finished-at="2024-01-03T19:26:34 IST" duration-ms="1294" status="PASS">
          <reporter-output>
          </reporter-output>
        </test-method> <!-- tearDownClass -->
      </class> <!-- com.gemini.generic.bdd.GemJarCucumberBase -->
    </test> <!-- sample -->
  </suite> <!-- All TestCases -->
</testng-results>
